Mar 03, 2022  21:25:30	[WARNING]	/home/kambar/Desktop/visual_studio/golang/Comeptitive_Programming_Platform/cmd/test/main.go:183	caught termination signal
Mar 03, 2022  21:25:59	[DEBUG]	/home/kambar/Desktop/visual_studio/golang/Comeptitive_Programming_Platform/internal/http/rest/server.go:48	serving on :8080
Mar 03, 2022  21:28:26	[ERROR]	/home/kambar/Desktop/visual_studio/golang/Comeptitive_Programming_Platform/internal/handler/response.go:10	not authenticated
Mar 03, 2022  21:29:02	[ERROR]	/home/kambar/Desktop/visual_studio/golang/Comeptitive_Programming_Platform/internal/handler/response.go:10	parsing time "" as "2006-01-02T15:04:05.000Z": cannot parse "" as "2006"
Mar 03, 2022  21:32:51	[DEBUG]	/home/kambar/Desktop/visual_studio/golang/Comeptitive_Programming_Platform/internal/http/rest/server.go:48	serving on :8080
Mar 03, 2022  21:33:02	[ERROR]	/home/kambar/Desktop/visual_studio/golang/Comeptitive_Programming_Platform/internal/handler/response.go:10	parsing time "2022-03-22 21:27:09 +0600 +06" as "2006-01-02T15:04:05.000Z": cannot parse " 21:27:09 +0600 +06" as "T"
Mar 03, 2022  21:40:32	[DEBUG]	/home/kambar/Desktop/visual_studio/golang/Comeptitive_Programming_Platform/internal/http/rest/server.go:48	serving on :8080
Mar 03, 2022  21:41:39	[ERROR]	/home/kambar/Desktop/visual_studio/golang/Comeptitive_Programming_Platform/internal/handler/response.go:10	parsing time "22 Mar 22 21:41 +06" as "2006-01-02 15:04:05 +0600 +06": cannot parse "ar 22 21:41 +06" as "2006"
Mar 03, 2022  21:48:27	[DEBUG]	/home/kambar/Desktop/visual_studio/golang/Comeptitive_Programming_Platform/internal/http/rest/server.go:48	serving on :8080
Mar 03, 2022  21:55:56	[ERROR]	/home/kambar/Desktop/visual_studio/golang/Comeptitive_Programming_Platform/internal/handler/response.go:10	parsing time "22 Mar 22 21:41 +06" as "2006-01-02 15:04:05 +0600 +06": cannot parse "ar 22 21:41 +06" as "2006"
Mar 03, 2022  21:55:58	[ERROR]	/home/kambar/Desktop/visual_studio/golang/Comeptitive_Programming_Platform/internal/handler/response.go:10	parsing time "2022-03-22 23:59:59 +0600 +06localhost:8080/contests/by-time-interval?time_from=22 Mar 22 21:41 +06": extra text: "localhost:8080/contests/by-time-interval?time_from=22 Mar 22 21:41 +06"
Mar 03, 2022  21:56:20	[ERROR]	/home/kambar/Desktop/visual_studio/golang/Comeptitive_Programming_Platform/internal/handler/response.go:10	parsing time "2022-03-22 23:59:59 +0600 +06localhost:8080/contests/by-time-interval?time_from=22 Mar 22 21:41 +06": extra text: "localhost:8080/contests/by-time-interval?time_from=22 Mar 22 21:41 +06"
Mar 03, 2022  22:03:29	[DEBUG]	/home/kambar/Desktop/visual_studio/golang/Comeptitive_Programming_Platform/internal/http/rest/server.go:48	serving on :8080
Mar 03, 2022  22:04:01	[ERROR]	/home/kambar/Desktop/visual_studio/golang/Comeptitive_Programming_Platform/internal/handler/response.go:10	parsing time "2022-03-22 22:03:55 +0600 +06" as "2022-01-02 15:04:05 +0600 +06": cannot parse "-03-22 22:03:55 +0600 +06" as "2"
Mar 03, 2022  22:06:57	[ERROR]	/home/kambar/Desktop/visual_studio/golang/Comeptitive_Programming_Platform/internal/handler/response.go:10	parsing time "2022-03-22 22:05:39 +0600 +06" as "2022-01-02 15:04:05 +0600 +06": cannot parse "-03-22 22:05:39 +0600 +06" as "2"
Mar 03, 2022  22:09:38	[ERROR]	/home/kambar/Desktop/visual_studio/golang/Comeptitive_Programming_Platform/internal/handler/response.go:10	parsing time "2022-03-22 22:05:39 +0600 +06" as "2022-01-02 15:04:05 +0600 +06": cannot parse "-03-22 22:05:39 +0600 +06" as "2"
Mar 03, 2022  22:23:33	[DEBUG]	/home/kambar/Desktop/visual_studio/golang/Comeptitive_Programming_Platform/internal/http/rest/server.go:48	serving on :8080
Mar 03, 2022  22:31:20	[DEBUG]	/home/kambar/Desktop/visual_studio/golang/Comeptitive_Programming_Platform/internal/http/rest/server.go:48	serving on :8080
Mar 03, 2022  22:36:47	[ERROR]	/home/kambar/Desktop/visual_studio/golang/Comeptitive_Programming_Platform/internal/handler/response.go:10	parsing time "\"2022-03-22 22:35:00.000000\"" as "\"2006-01-02T15:04:05Z07:00\"": cannot parse " 22:35:00.000000\"" as "T"
Mar 03, 2022  22:37:48	[ERROR]	/home/kambar/Desktop/visual_studio/golang/Comeptitive_Programming_Platform/internal/handler/response.go:10	parsing time "\"2022-03-22 22:35:00.000000\"" as "\"2006-01-02T15:04:05Z07:00\"": cannot parse " 22:35:00.000000\"" as "T"
Mar 03, 2022  22:38:27	[ERROR]	/home/kambar/Desktop/visual_studio/golang/Comeptitive_Programming_Platform/internal/handler/response.go:10	parsing time "\"2022-03-22T22:35:00Z07.00\"" as "\"2006-01-02T15:04:05Z07:00\"": cannot parse "07.00\"" as "\""
Mar 03, 2022  22:38:45	[ERROR]	/home/kambar/Desktop/visual_studio/golang/Comeptitive_Programming_Platform/internal/handler/response.go:10	parsing time "\"2022-03-22T22:35:00Z07:00\"" as "\"2006-01-02T15:04:05Z07:00\"": cannot parse "07:00\"" as "\""
Mar 03, 2022  22:39:01	[ERROR]	/home/kambar/Desktop/visual_studio/golang/Comeptitive_Programming_Platform/internal/handler/response.go:10	parsing time "\"2022-03-22T22:35:00Z07:00\"" as "\"2006-01-02T15:04:05Z07:00\"": cannot parse "07:00\"" as "\""
Mar 03, 2022  22:39:21	[ERROR]	/home/kambar/Desktop/visual_studio/golang/Comeptitive_Programming_Platform/internal/handler/response.go:10	invalid character '-' after object key:value pair
Mar 03, 2022  22:39:26	[ERROR]	/home/kambar/Desktop/visual_studio/golang/Comeptitive_Programming_Platform/internal/handler/response.go:10	parsing time "\"2022-03-22T22:35:00Z07:00\"" as "\"2006-01-02T15:04:05Z07:00\"": cannot parse "07:00\"" as "\""
Mar 03, 2022  22:45:40	[DEBUG]	/home/kambar/Desktop/visual_studio/golang/Comeptitive_Programming_Platform/internal/http/rest/server.go:48	serving on :8080
Mar 03, 2022  22:45:43	[ERROR]	/home/kambar/Desktop/visual_studio/golang/Comeptitive_Programming_Platform/internal/handler/response.go:10	parsing time "\"2022-03-22 22:35:00.000000\"" as "\"2006-01-02T15:04:05Z07:00\"": cannot parse " 22:35:00.000000\"" as "T"
Mar 03, 2022  22:45:46	[ERROR]	/home/kambar/Desktop/visual_studio/golang/Comeptitive_Programming_Platform/internal/handler/response.go:10	parsing time "\"2022-03-22 22:35:00.000000\"" as "\"2006-01-02T15:04:05Z07:00\"": cannot parse " 22:35:00.000000\"" as "T"
Mar 03, 2022  22:46:11	[ERROR]	/home/kambar/Desktop/visual_studio/golang/Comeptitive_Programming_Platform/internal/handler/response.go:10	parsing time "\"2022-03-22 22:35:00\"" as "\"2006-01-02T15:04:05Z07:00\"": cannot parse " 22:35:00\"" as "T"
Mar 03, 2022  22:46:26	[ERROR]	/home/kambar/Desktop/visual_studio/golang/Comeptitive_Programming_Platform/internal/handler/response.go:10	parsing time "\"2022-03-22 22:35:00 +0600 +06\"" as "\"2006-01-02T15:04:05Z07:00\"": cannot parse " 22:35:00 +0600 +06\"" as "T"
Mar 03, 2022  22:46:27	[ERROR]	/home/kambar/Desktop/visual_studio/golang/Comeptitive_Programming_Platform/internal/handler/response.go:10	parsing time "\"2022-03-22 22:35:00 +0600 +06\"" as "\"2006-01-02T15:04:05Z07:00\"": cannot parse " 22:35:00 +0600 +06\"" as "T"
Mar 03, 2022  22:47:08	[ERROR]	/home/kambar/Desktop/visual_studio/golang/Comeptitive_Programming_Platform/internal/handler/response.go:10	parsing time "\"2022-03-22T22:35:00Z07:00\"" as "\"2006-01-02T15:04:05Z07:00\"": cannot parse "07:00\"" as "\""
Mar 03, 2022  22:47:10	[ERROR]	/home/kambar/Desktop/visual_studio/golang/Comeptitive_Programming_Platform/internal/handler/response.go:10	parsing time "\"2022-03-22T22:35:00Z07:00\"" as "\"2006-01-02T15:04:05Z07:00\"": cannot parse "07:00\"" as "\""
Mar 03, 2022  22:47:10	[ERROR]	/home/kambar/Desktop/visual_studio/golang/Comeptitive_Programming_Platform/internal/handler/response.go:10	parsing time "\"2022-03-22T22:35:00Z07:00\"" as "\"2006-01-02T15:04:05Z07:00\"": cannot parse "07:00\"" as "\""
Mar 03, 2022  23:01:20	[DEBUG]	/home/kambar/Desktop/visual_studio/golang/Comeptitive_Programming_Platform/internal/http/rest/server.go:48	serving on :8080
Mar 03, 2022  23:07:23	[DEBUG]	/home/kambar/Desktop/visual_studio/golang/Comeptitive_Programming_Platform/internal/http/rest/server.go:48	serving on :8080
